<?xml version="1.0" encoding="UTF-8"?>
<!-- Generated by org.testng.reporters.JUnitReportReporter -->
<testsuite hostname="BharatVeer" failures="0" tests="1" name="com.mystore.testcases.MyAccountPageTest" time="32.217" errors="0" timestamp="2023-07-27T20:54:59 IST" skipped="0">
  <testcase classname="com.mystore.testcases.MyAccountPageTest" name="verfiyRegistrationAndLogin" time="32.217"/>
</testsuite> <!-- com.mystore.testcases.MyAccountPageTest -->
